C:\Users\quang\Downloads\aspnet-core-react-template\api\client-react.test\build\client-react.test\polyfill\localStorage.js
C:\Users\quang\Downloads\aspnet-core-react-template\api\client-react.test\build\client-react.test\polyfill\localStorage.js.map
C:\Users\quang\Downloads\aspnet-core-react-template\api\client-react.test\build\client-react.test\tests.js
C:\Users\quang\Downloads\aspnet-core-react-template\api\client-react.test\build\client-react.test\tests.js.map
C:\Users\quang\Downloads\aspnet-core-react-template\api\client-react.test\build\client-react.test\utils.js
C:\Users\quang\Downloads\aspnet-core-react-template\api\client-react.test\build\client-react.test\utils.js.map
C:\Users\quang\Downloads\aspnet-core-react-template\api\client-react.test\build\client-react\stores\Auth.js
C:\Users\quang\Downloads\aspnet-core-react-template\api\client-react.test\build\client-react\stores\Auth.js.map
C:\Users\quang\Downloads\aspnet-core-react-template\api\client-react.test\build\client-react\services\RestUtilities.js
C:\Users\quang\Downloads\aspnet-core-react-template\api\client-react.test\build\client-react\services\RestUtilities.js.map
C:\Users\quang\Downloads\aspnet-core-react-template\api\client-react.test\build\client-react\services\Auth.js
C:\Users\quang\Downloads\aspnet-core-react-template\api\client-react.test\build\client-react\services\Auth.js.map
C:\Users\quang\Downloads\aspnet-core-react-template\api\client-react.test\build\client-react\components\Auth.js
C:\Users\quang\Downloads\aspnet-core-react-template\api\client-react.test\build\client-react\components\Auth.js.map
C:\Users\quang\Downloads\aspnet-core-react-template\api\client-react.test\build\client-react\components\Error.js
C:\Users\quang\Downloads\aspnet-core-react-template\api\client-react.test\build\client-react\components\Error.js.map
C:\Users\quang\Downloads\aspnet-core-react-template\api\client-react.test\build\client-react\services\Contacts.js
C:\Users\quang\Downloads\aspnet-core-react-template\api\client-react.test\build\client-react\services\Contacts.js.map
C:\Users\quang\Downloads\aspnet-core-react-template\api\client-react.test\build\client-react\components\ContactForm.js
C:\Users\quang\Downloads\aspnet-core-react-template\api\client-react.test\build\client-react\components\ContactForm.js.map
C:\Users\quang\Downloads\aspnet-core-react-template\api\client-react.test\build\client-react\components\Header.js
C:\Users\quang\Downloads\aspnet-core-react-template\api\client-react.test\build\client-react\components\Header.js.map
C:\Users\quang\Downloads\aspnet-core-react-template\api\client-react.test\build\client-react\components\Routes.js
C:\Users\quang\Downloads\aspnet-core-react-template\api\client-react.test\build\client-react\components\Routes.js.map
C:\Users\quang\Downloads\aspnet-core-react-template\api\client-react.test\build\client-react\components\Contacts.js
C:\Users\quang\Downloads\aspnet-core-react-template\api\client-react.test\build\client-react\components\Contacts.js.map
C:\Users\quang\Downloads\aspnet-core-react-template\api\client-react.test\build\client-react.test\tests\Contacts.js
C:\Users\quang\Downloads\aspnet-core-react-template\api\client-react.test\build\client-react.test\tests\Contacts.js.map
